[0.142s] DEBUG:colcon:Command line arguments: ['/usr/bin/colcon', 'build']
[0.142s] DEBUG:colcon:Parsed command line arguments: Namespace(log_base=None, log_level=None, verb_name='build', build_base='build', install_base='install', merge_install=False, symlink_install=False, test_result_base=None, continue_on_error=False, executor='parallel', parallel_workers=18, event_handlers=None, ignore_user_meta=False, metas=['./colcon.meta'], base_paths=['.'], packages_ignore=None, packages_ignore_regex=None, paths=None, packages_up_to=None, packages_up_to_regex=None, packages_above=None, packages_above_and_dependencies=None, packages_above_depth=None, packages_select_by_dep=None, packages_skip_by_dep=None, packages_skip_up_to=None, packages_select_build_failed=False, packages_skip_build_finished=False, packages_select_test_failures=False, packages_skip_test_passed=False, packages_select=None, packages_skip=None, packages_select_regex=None, packages_skip_regex=None, packages_start=None, packages_end=None, allow_overriding=[], cmake_args=None, cmake_target=None, cmake_target_skip_unavailable=False, cmake_clean_cache=False, cmake_clean_first=False, cmake_force_configure=False, ament_cmake_args=None, catkin_cmake_args=None, catkin_skip_building_tests=False, mixin_files=None, mixin=None, verb_parser=<colcon_mixin.mixin.mixin_argument.MixinArgumentDecorator object at 0x73222d581660>, verb_extension=<colcon_core.verb.build.BuildVerb object at 0x73222d580f70>, main=<bound method BuildVerb.main of <colcon_core.verb.build.BuildVerb object at 0x73222d580f70>>, mixin_verb=('build',))
[0.296s] Level 1:colcon.colcon_core.package_discovery:discover_packages(colcon_meta) check parameters
[0.296s] Level 1:colcon.colcon_core.package_discovery:discover_packages(recursive) check parameters
[0.296s] Level 1:colcon.colcon_core.package_discovery:discover_packages(ignore) check parameters
[0.296s] Level 1:colcon.colcon_core.package_discovery:discover_packages(path) check parameters
[0.296s] Level 1:colcon.colcon_core.package_discovery:discover_packages(colcon_meta) discover
[0.296s] Level 1:colcon.colcon_core.package_discovery:discover_packages(recursive) discover
[0.296s] INFO:colcon.colcon_core.package_discovery:Crawling recursively for packages in '/home/seyeongw/ros2_ws/src/ROS2-Indoor-Mobile-Manipulator'
[0.296s] Level 1:colcon.colcon_core.package_identification:_identify(.) by extensions ['ignore', 'ignore_ament_install']
[0.296s] Level 1:colcon.colcon_core.package_identification:_identify(.) by extension 'ignore'
[0.296s] Level 1:colcon.colcon_core.package_identification:_identify(.) by extension 'ignore_ament_install'
[0.296s] Level 1:colcon.colcon_core.package_identification:_identify(.) by extensions ['colcon_pkg']
[0.296s] Level 1:colcon.colcon_core.package_identification:_identify(.) by extension 'colcon_pkg'
[0.296s] Level 1:colcon.colcon_core.package_identification:_identify(.) by extensions ['colcon_meta']
[0.296s] Level 1:colcon.colcon_core.package_identification:_identify(.) by extension 'colcon_meta'
[0.296s] Level 1:colcon.colcon_core.package_identification:_identify(.) by extensions ['ros']
[0.296s] Level 1:colcon.colcon_core.package_identification:_identify(.) by extension 'ros'
[0.327s] Level 1:colcon.colcon_core.package_identification:_identify(.) by extensions ['cmake', 'python']
[0.327s] Level 1:colcon.colcon_core.package_identification:_identify(.) by extension 'cmake'
[0.327s] Level 1:colcon.colcon_core.package_identification:_identify(.) by extension 'python'
[0.327s] Level 1:colcon.colcon_core.package_identification:_identify(.) by extensions ['python_setup_py']
[0.327s] Level 1:colcon.colcon_core.package_identification:_identify(.) by extension 'python_setup_py'
[0.327s] Level 1:colcon.colcon_core.package_identification:_identify(build) by extensions ['ignore', 'ignore_ament_install']
[0.327s] Level 1:colcon.colcon_core.package_identification:_identify(build) by extension 'ignore'
[0.327s] Level 1:colcon.colcon_core.package_identification:_identify(build) ignored
[0.327s] Level 1:colcon.colcon_core.package_identification:_identify(install) by extensions ['ignore', 'ignore_ament_install']
[0.327s] Level 1:colcon.colcon_core.package_identification:_identify(install) by extension 'ignore'
[0.327s] Level 1:colcon.colcon_core.package_identification:_identify(install) ignored
[0.327s] Level 1:colcon.colcon_core.package_identification:_identify(log) by extensions ['ignore', 'ignore_ament_install']
[0.327s] Level 1:colcon.colcon_core.package_identification:_identify(log) by extension 'ignore'
[0.327s] Level 1:colcon.colcon_core.package_identification:_identify(log) ignored
[0.327s] Level 1:colcon.colcon_core.package_identification:_identify(omx_real_pick) by extensions ['ignore', 'ignore_ament_install']
[0.327s] Level 1:colcon.colcon_core.package_identification:_identify(omx_real_pick) by extension 'ignore'
[0.327s] Level 1:colcon.colcon_core.package_identification:_identify(omx_real_pick) by extension 'ignore_ament_install'
[0.327s] Level 1:colcon.colcon_core.package_identification:_identify(omx_real_pick) by extensions ['colcon_pkg']
[0.327s] Level 1:colcon.colcon_core.package_identification:_identify(omx_real_pick) by extension 'colcon_pkg'
[0.327s] Level 1:colcon.colcon_core.package_identification:_identify(omx_real_pick) by extensions ['colcon_meta']
[0.327s] Level 1:colcon.colcon_core.package_identification:_identify(omx_real_pick) by extension 'colcon_meta'
[0.327s] Level 1:colcon.colcon_core.package_identification:_identify(omx_real_pick) by extensions ['ros']
[0.327s] Level 1:colcon.colcon_core.package_identification:_identify(omx_real_pick) by extension 'ros'
[0.329s] DEBUG:colcon.colcon_core.package_identification:Package 'omx_real_pick' with type 'ros.ament_cmake' and name 'omx_real_pick'
[0.330s] Level 1:colcon.colcon_core.package_discovery:discover_packages(recursive) using defaults
[0.330s] Level 1:colcon.colcon_core.package_discovery:discover_packages(ignore) discover
[0.330s] Level 1:colcon.colcon_core.package_discovery:discover_packages(ignore) using defaults
[0.330s] Level 1:colcon.colcon_core.package_discovery:discover_packages(path) discover
[0.330s] Level 1:colcon.colcon_core.package_discovery:discover_packages(path) using defaults
[0.345s] Level 1:colcon.colcon_core.package_discovery:discover_packages(prefix_path) check parameters
[0.345s] Level 1:colcon.colcon_core.package_discovery:discover_packages(prefix_path) discover
[0.347s] DEBUG:colcon.colcon_installed_package_information.package_discovery:Found 22 installed packages in /home/seyeongw/ros2_ws/install
[0.348s] DEBUG:colcon.colcon_installed_package_information.package_discovery:Found 423 installed packages in /opt/ros/humble
[0.349s] Level 1:colcon.colcon_core.package_discovery:discover_packages(prefix_path) using defaults
[0.381s] Level 5:colcon.colcon_core.verb:set package 'omx_real_pick' build argument 'cmake_args' from command line to 'None'
[0.381s] Level 5:colcon.colcon_core.verb:set package 'omx_real_pick' build argument 'cmake_target' from command line to 'None'
[0.381s] Level 5:colcon.colcon_core.verb:set package 'omx_real_pick' build argument 'cmake_target_skip_unavailable' from command line to 'False'
[0.381s] Level 5:colcon.colcon_core.verb:set package 'omx_real_pick' build argument 'cmake_clean_cache' from command line to 'False'
[0.381s] Level 5:colcon.colcon_core.verb:set package 'omx_real_pick' build argument 'cmake_clean_first' from command line to 'False'
[0.381s] Level 5:colcon.colcon_core.verb:set package 'omx_real_pick' build argument 'cmake_force_configure' from command line to 'False'
[0.381s] Level 5:colcon.colcon_core.verb:set package 'omx_real_pick' build argument 'ament_cmake_args' from command line to 'None'
[0.381s] Level 5:colcon.colcon_core.verb:set package 'omx_real_pick' build argument 'catkin_cmake_args' from command line to 'None'
[0.381s] Level 5:colcon.colcon_core.verb:set package 'omx_real_pick' build argument 'catkin_skip_building_tests' from command line to 'False'
[0.381s] DEBUG:colcon.colcon_core.verb:Building package 'omx_real_pick' with the following arguments: {'ament_cmake_args': None, 'build_base': '/home/seyeongw/ros2_ws/src/ROS2-Indoor-Mobile-Manipulator/build/omx_real_pick', 'catkin_cmake_args': None, 'catkin_skip_building_tests': False, 'cmake_args': None, 'cmake_clean_cache': False, 'cmake_clean_first': False, 'cmake_force_configure': False, 'cmake_target': None, 'cmake_target_skip_unavailable': False, 'install_base': '/home/seyeongw/ros2_ws/src/ROS2-Indoor-Mobile-Manipulator/install/omx_real_pick', 'merge_install': False, 'path': '/home/seyeongw/ros2_ws/src/ROS2-Indoor-Mobile-Manipulator/omx_real_pick', 'symlink_install': False, 'test_result_base': None}
[0.381s] INFO:colcon.colcon_core.executor:Executing jobs using 'parallel' executor
[0.382s] DEBUG:colcon.colcon_parallel_executor.executor.parallel:run_until_complete
[0.382s] INFO:colcon.colcon_ros.task.ament_cmake.build:Building ROS package in '/home/seyeongw/ros2_ws/src/ROS2-Indoor-Mobile-Manipulator/omx_real_pick' with build type 'ament_cmake'
[0.383s] INFO:colcon.colcon_cmake.task.cmake.build:Building CMake package in '/home/seyeongw/ros2_ws/src/ROS2-Indoor-Mobile-Manipulator/omx_real_pick'
[0.385s] INFO:colcon.colcon_core.plugin_system:Skipping extension 'colcon_core.shell.bat': Not used on non-Windows systems
[0.385s] INFO:colcon.colcon_core.shell:Skip shell extension 'powershell' for command environment: Not usable outside of PowerShell
[0.385s] DEBUG:colcon.colcon_core.shell:Skip shell extension 'dsv' for command environment
[0.390s] DEBUG:colcon.colcon_core.event_handler.log_command:Invoking command in '/home/seyeongw/ros2_ws/src/ROS2-Indoor-Mobile-Manipulator/build/omx_real_pick': CMAKE_PREFIX_PATH=${CMAKE_PREFIX_PATH}:/home/seyeongw/ros2_ws/install/ros2_aruco:/home/seyeongw/ros2_ws/install/camera_detection:/opt/ros/humble /usr/bin/cmake /home/seyeongw/ros2_ws/src/ROS2-Indoor-Mobile-Manipulator/omx_real_pick -DCMAKE_INSTALL_PREFIX=/home/seyeongw/ros2_ws/src/ROS2-Indoor-Mobile-Manipulator/install/omx_real_pick
[1.924s] DEBUG:colcon.colcon_core.event_handler.log_command:Invoked command in '/home/seyeongw/ros2_ws/src/ROS2-Indoor-Mobile-Manipulator/build/omx_real_pick' returned '0': CMAKE_PREFIX_PATH=${CMAKE_PREFIX_PATH}:/home/seyeongw/ros2_ws/install/ros2_aruco:/home/seyeongw/ros2_ws/install/camera_detection:/opt/ros/humble /usr/bin/cmake /home/seyeongw/ros2_ws/src/ROS2-Indoor-Mobile-Manipulator/omx_real_pick -DCMAKE_INSTALL_PREFIX=/home/seyeongw/ros2_ws/src/ROS2-Indoor-Mobile-Manipulator/install/omx_real_pick
[1.926s] DEBUG:colcon.colcon_core.event_handler.log_command:Invoking command in '/home/seyeongw/ros2_ws/src/ROS2-Indoor-Mobile-Manipulator/build/omx_real_pick': CMAKE_PREFIX_PATH=${CMAKE_PREFIX_PATH}:/home/seyeongw/ros2_ws/install/ros2_aruco:/home/seyeongw/ros2_ws/install/camera_detection:/opt/ros/humble /usr/bin/cmake --build /home/seyeongw/ros2_ws/src/ROS2-Indoor-Mobile-Manipulator/build/omx_real_pick -- -j18 -l18
[7.471s] DEBUG:colcon.colcon_core.event_handler.log_command:Invoked command in '/home/seyeongw/ros2_ws/src/ROS2-Indoor-Mobile-Manipulator/build/omx_real_pick' returned '0': CMAKE_PREFIX_PATH=${CMAKE_PREFIX_PATH}:/home/seyeongw/ros2_ws/install/ros2_aruco:/home/seyeongw/ros2_ws/install/camera_detection:/opt/ros/humble /usr/bin/cmake --build /home/seyeongw/ros2_ws/src/ROS2-Indoor-Mobile-Manipulator/build/omx_real_pick -- -j18 -l18
[7.480s] DEBUG:colcon.colcon_core.event_handler.log_command:Invoking command in '/home/seyeongw/ros2_ws/src/ROS2-Indoor-Mobile-Manipulator/build/omx_real_pick': CMAKE_PREFIX_PATH=${CMAKE_PREFIX_PATH}:/home/seyeongw/ros2_ws/install/ros2_aruco:/home/seyeongw/ros2_ws/install/camera_detection:/opt/ros/humble /usr/bin/cmake --install /home/seyeongw/ros2_ws/src/ROS2-Indoor-Mobile-Manipulator/build/omx_real_pick
[7.488s] Level 1:colcon.colcon_core.environment:create_environment_scripts_only(omx_real_pick)
[7.488s] DEBUG:colcon.colcon_core.event_handler.log_command:Invoked command in '/home/seyeongw/ros2_ws/src/ROS2-Indoor-Mobile-Manipulator/build/omx_real_pick' returned '0': CMAKE_PREFIX_PATH=${CMAKE_PREFIX_PATH}:/home/seyeongw/ros2_ws/install/ros2_aruco:/home/seyeongw/ros2_ws/install/camera_detection:/opt/ros/humble /usr/bin/cmake --install /home/seyeongw/ros2_ws/src/ROS2-Indoor-Mobile-Manipulator/build/omx_real_pick
[7.491s] Level 1:colcon.colcon_core.environment:checking '/home/seyeongw/ros2_ws/src/ROS2-Indoor-Mobile-Manipulator/install/omx_real_pick' for CMake module files
[7.491s] Level 1:colcon.colcon_core.environment:checking '/home/seyeongw/ros2_ws/src/ROS2-Indoor-Mobile-Manipulator/install/omx_real_pick' for CMake config files
[7.491s] Level 1:colcon.colcon_core.shell:create_environment_hook('omx_real_pick', 'cmake_prefix_path')
[7.492s] INFO:colcon.colcon_core.shell:Creating environment hook '/home/seyeongw/ros2_ws/src/ROS2-Indoor-Mobile-Manipulator/install/omx_real_pick/share/omx_real_pick/hook/cmake_prefix_path.ps1'
[7.492s] INFO:colcon.colcon_core.shell:Creating environment descriptor '/home/seyeongw/ros2_ws/src/ROS2-Indoor-Mobile-Manipulator/install/omx_real_pick/share/omx_real_pick/hook/cmake_prefix_path.dsv'
[7.492s] INFO:colcon.colcon_core.shell:Creating environment hook '/home/seyeongw/ros2_ws/src/ROS2-Indoor-Mobile-Manipulator/install/omx_real_pick/share/omx_real_pick/hook/cmake_prefix_path.sh'
[7.493s] Level 1:colcon.colcon_core.environment:checking '/home/seyeongw/ros2_ws/src/ROS2-Indoor-Mobile-Manipulator/install/omx_real_pick/lib'
[7.493s] Level 1:colcon.colcon_core.environment:checking '/home/seyeongw/ros2_ws/src/ROS2-Indoor-Mobile-Manipulator/install/omx_real_pick/bin'
[7.493s] Level 1:colcon.colcon_core.environment:checking '/home/seyeongw/ros2_ws/src/ROS2-Indoor-Mobile-Manipulator/install/omx_real_pick/lib/pkgconfig/omx_real_pick.pc'
[7.493s] Level 1:colcon.colcon_core.environment:checking '/home/seyeongw/ros2_ws/src/ROS2-Indoor-Mobile-Manipulator/install/omx_real_pick/lib/python3.10/site-packages'
[7.493s] Level 1:colcon.colcon_core.environment:checking '/home/seyeongw/ros2_ws/src/ROS2-Indoor-Mobile-Manipulator/install/omx_real_pick/bin'
[7.494s] INFO:colcon.colcon_core.shell:Creating package script '/home/seyeongw/ros2_ws/src/ROS2-Indoor-Mobile-Manipulator/install/omx_real_pick/share/omx_real_pick/package.ps1'
[7.494s] INFO:colcon.colcon_core.shell:Creating package descriptor '/home/seyeongw/ros2_ws/src/ROS2-Indoor-Mobile-Manipulator/install/omx_real_pick/share/omx_real_pick/package.dsv'
[7.495s] INFO:colcon.colcon_core.shell:Creating package script '/home/seyeongw/ros2_ws/src/ROS2-Indoor-Mobile-Manipulator/install/omx_real_pick/share/omx_real_pick/package.sh'
[7.495s] INFO:colcon.colcon_core.shell:Creating package script '/home/seyeongw/ros2_ws/src/ROS2-Indoor-Mobile-Manipulator/install/omx_real_pick/share/omx_real_pick/package.bash'
[7.495s] INFO:colcon.colcon_core.shell:Creating package script '/home/seyeongw/ros2_ws/src/ROS2-Indoor-Mobile-Manipulator/install/omx_real_pick/share/omx_real_pick/package.zsh'
[7.496s] Level 1:colcon.colcon_core.environment:create_file_with_runtime_dependencies(/home/seyeongw/ros2_ws/src/ROS2-Indoor-Mobile-Manipulator/install/omx_real_pick/share/colcon-core/packages/omx_real_pick)
[7.496s] Level 1:colcon.colcon_core.environment:create_environment_scripts_only(omx_real_pick)
[7.496s] Level 1:colcon.colcon_core.environment:checking '/home/seyeongw/ros2_ws/src/ROS2-Indoor-Mobile-Manipulator/install/omx_real_pick' for CMake module files
[7.497s] Level 1:colcon.colcon_core.environment:checking '/home/seyeongw/ros2_ws/src/ROS2-Indoor-Mobile-Manipulator/install/omx_real_pick' for CMake config files
[7.497s] Level 1:colcon.colcon_core.shell:create_environment_hook('omx_real_pick', 'cmake_prefix_path')
[7.497s] INFO:colcon.colcon_core.shell:Creating environment hook '/home/seyeongw/ros2_ws/src/ROS2-Indoor-Mobile-Manipulator/install/omx_real_pick/share/omx_real_pick/hook/cmake_prefix_path.ps1'
[7.497s] INFO:colcon.colcon_core.shell:Creating environment descriptor '/home/seyeongw/ros2_ws/src/ROS2-Indoor-Mobile-Manipulator/install/omx_real_pick/share/omx_real_pick/hook/cmake_prefix_path.dsv'
[7.497s] INFO:colcon.colcon_core.shell:Creating environment hook '/home/seyeongw/ros2_ws/src/ROS2-Indoor-Mobile-Manipulator/install/omx_real_pick/share/omx_real_pick/hook/cmake_prefix_path.sh'
[7.498s] Level 1:colcon.colcon_core.environment:checking '/home/seyeongw/ros2_ws/src/ROS2-Indoor-Mobile-Manipulator/install/omx_real_pick/lib'
[7.498s] Level 1:colcon.colcon_core.environment:checking '/home/seyeongw/ros2_ws/src/ROS2-Indoor-Mobile-Manipulator/install/omx_real_pick/bin'
[7.498s] Level 1:colcon.colcon_core.environment:checking '/home/seyeongw/ros2_ws/src/ROS2-Indoor-Mobile-Manipulator/install/omx_real_pick/lib/pkgconfig/omx_real_pick.pc'
[7.498s] Level 1:colcon.colcon_core.environment:checking '/home/seyeongw/ros2_ws/src/ROS2-Indoor-Mobile-Manipulator/install/omx_real_pick/lib/python3.10/site-packages'
[7.498s] Level 1:colcon.colcon_core.environment:checking '/home/seyeongw/ros2_ws/src/ROS2-Indoor-Mobile-Manipulator/install/omx_real_pick/bin'
[7.498s] INFO:colcon.colcon_core.shell:Creating package script '/home/seyeongw/ros2_ws/src/ROS2-Indoor-Mobile-Manipulator/install/omx_real_pick/share/omx_real_pick/package.ps1'
[7.498s] INFO:colcon.colcon_core.shell:Creating package descriptor '/home/seyeongw/ros2_ws/src/ROS2-Indoor-Mobile-Manipulator/install/omx_real_pick/share/omx_real_pick/package.dsv'
[7.499s] INFO:colcon.colcon_core.shell:Creating package script '/home/seyeongw/ros2_ws/src/ROS2-Indoor-Mobile-Manipulator/install/omx_real_pick/share/omx_real_pick/package.sh'
[7.499s] INFO:colcon.colcon_core.shell:Creating package script '/home/seyeongw/ros2_ws/src/ROS2-Indoor-Mobile-Manipulator/install/omx_real_pick/share/omx_real_pick/package.bash'
[7.499s] INFO:colcon.colcon_core.shell:Creating package script '/home/seyeongw/ros2_ws/src/ROS2-Indoor-Mobile-Manipulator/install/omx_real_pick/share/omx_real_pick/package.zsh'
[7.499s] Level 1:colcon.colcon_core.environment:create_file_with_runtime_dependencies(/home/seyeongw/ros2_ws/src/ROS2-Indoor-Mobile-Manipulator/install/omx_real_pick/share/colcon-core/packages/omx_real_pick)
[7.499s] DEBUG:colcon.colcon_parallel_executor.executor.parallel:closing loop
[7.499s] DEBUG:colcon.colcon_parallel_executor.executor.parallel:loop closed
[7.499s] DEBUG:colcon.colcon_parallel_executor.executor.parallel:run_until_complete finished with '0'
[7.499s] DEBUG:colcon.colcon_core.event_reactor:joining thread
[7.504s] INFO:colcon.colcon_core.plugin_system:Skipping extension 'colcon_notification.desktop_notification.terminal_notifier': Not used on non-Darwin systems
[7.504s] INFO:colcon.colcon_core.plugin_system:Skipping extension 'colcon_notification.desktop_notification.win32': Not used on non-Windows systems
[7.504s] INFO:colcon.colcon_notification.desktop_notification:Sending desktop notification using 'notify2'
[7.514s] DEBUG:colcon.colcon_core.event_reactor:joined thread
[7.515s] INFO:colcon.colcon_core.shell:Creating prefix script '/home/seyeongw/ros2_ws/src/ROS2-Indoor-Mobile-Manipulator/install/local_setup.ps1'
[7.515s] INFO:colcon.colcon_core.shell:Creating prefix util module '/home/seyeongw/ros2_ws/src/ROS2-Indoor-Mobile-Manipulator/install/_local_setup_util_ps1.py'
[7.516s] INFO:colcon.colcon_core.shell:Creating prefix chain script '/home/seyeongw/ros2_ws/src/ROS2-Indoor-Mobile-Manipulator/install/setup.ps1'
[7.517s] INFO:colcon.colcon_core.shell:Creating prefix script '/home/seyeongw/ros2_ws/src/ROS2-Indoor-Mobile-Manipulator/install/local_setup.sh'
[7.518s] INFO:colcon.colcon_core.shell:Creating prefix util module '/home/seyeongw/ros2_ws/src/ROS2-Indoor-Mobile-Manipulator/install/_local_setup_util_sh.py'
[7.518s] INFO:colcon.colcon_core.shell:Creating prefix chain script '/home/seyeongw/ros2_ws/src/ROS2-Indoor-Mobile-Manipulator/install/setup.sh'
[7.519s] INFO:colcon.colcon_core.shell:Creating prefix script '/home/seyeongw/ros2_ws/src/ROS2-Indoor-Mobile-Manipulator/install/local_setup.bash'
[7.519s] INFO:colcon.colcon_core.shell:Creating prefix chain script '/home/seyeongw/ros2_ws/src/ROS2-Indoor-Mobile-Manipulator/install/setup.bash'
[7.520s] INFO:colcon.colcon_core.shell:Creating prefix script '/home/seyeongw/ros2_ws/src/ROS2-Indoor-Mobile-Manipulator/install/local_setup.zsh'
[7.520s] INFO:colcon.colcon_core.shell:Creating prefix chain script '/home/seyeongw/ros2_ws/src/ROS2-Indoor-Mobile-Manipulator/install/setup.zsh'
